<?xml version="1.0" encoding="UTF-8"?>
<testsuite xmlns:xsi="http://www.w3.org/2001/XMLSchema-instance" xsi:noNamespaceSchemaLocation="https://maven.apache.org/surefire/maven-surefire-plugin/xsd/surefire-test-report-3.0.xsd" version="3.0" name="TestSuite" time="164.459" tests="12" errors="0" skipped="0" failures="0">
  <properties>
    <property name="sun.desktop" value="windows"/>
    <property name="awt.toolkit" value="sun.awt.windows.WToolkit"/>
    <property name="java.specification.version" value="11"/>
    <property name="webdriver.chrome.driver" value="C:\Users\prata\.cache\selenium\chromedriver\win32\94.0.4606.61\chromedriver.exe"/>
    <property name="sun.cpu.isalist" value="amd64"/>
    <property name="sun.jnu.encoding" value="Cp1252"/>
    <property name="java.class.path" value="D:\Gaurav\eclipse-workspace\SampleTestFrameworkGPS\target\test-classes;D:\Gaurav\eclipse-workspace\SampleTestFrameworkGPS\target\classes;C:\Users\prata\.m2\repository\org\seleniumhq\selenium\selenium-java\3.141.59\selenium-java-3.141.59.jar;C:\Users\prata\.m2\repository\org\seleniumhq\selenium\selenium-api\3.141.59\selenium-api-3.141.59.jar;C:\Users\prata\.m2\repository\org\seleniumhq\selenium\selenium-edge-driver\3.141.59\selenium-edge-driver-3.141.59.jar;C:\Users\prata\.m2\repository\org\seleniumhq\selenium\selenium-firefox-driver\3.141.59\selenium-firefox-driver-3.141.59.jar;C:\Users\prata\.m2\repository\org\seleniumhq\selenium\selenium-ie-driver\3.141.59\selenium-ie-driver-3.141.59.jar;C:\Users\prata\.m2\repository\org\seleniumhq\selenium\selenium-opera-driver\3.141.59\selenium-opera-driver-3.141.59.jar;C:\Users\prata\.m2\repository\org\seleniumhq\selenium\selenium-remote-driver\3.141.59\selenium-remote-driver-3.141.59.jar;C:\Users\prata\.m2\repository\org\seleniumhq\selenium\selenium-safari-driver\3.141.59\selenium-safari-driver-3.141.59.jar;C:\Users\prata\.m2\repository\org\seleniumhq\selenium\selenium-support\3.141.59\selenium-support-3.141.59.jar;C:\Users\prata\.m2\repository\net\bytebuddy\byte-buddy\1.8.15\byte-buddy-1.8.15.jar;C:\Users\prata\.m2\repository\org\apache\commons\commons-exec\1.3\commons-exec-1.3.jar;C:\Users\prata\.m2\repository\com\google\guava\guava\25.0-jre\guava-25.0-jre.jar;C:\Users\prata\.m2\repository\com\google\code\findbugs\jsr305\1.3.9\jsr305-1.3.9.jar;C:\Users\prata\.m2\repository\org\checkerframework\checker-compat-qual\2.0.0\checker-compat-qual-2.0.0.jar;C:\Users\prata\.m2\repository\com\google\errorprone\error_prone_annotations\2.1.3\error_prone_annotations-2.1.3.jar;C:\Users\prata\.m2\repository\com\google\j2objc\j2objc-annotations\1.1\j2objc-annotations-1.1.jar;C:\Users\prata\.m2\repository\org\codehaus\mojo\animal-sniffer-annotations\1.14\animal-sniffer-annotations-1.14.jar;C:\Users\prata\.m2\repository\com\squareup\okhttp3\okhttp\3.11.0\okhttp-3.11.0.jar;C:\Users\prata\.m2\repository\com\squareup\okio\okio\1.14.0\okio-1.14.0.jar;C:\Users\prata\.m2\repository\io\github\bonigarcia\webdrivermanager\4.4.0\webdrivermanager-4.4.0.jar;C:\Users\prata\.m2\repository\org\slf4j\slf4j-api\1.7.30\slf4j-api-1.7.30.jar;C:\Users\prata\.m2\repository\com\google\code\gson\gson\2.8.6\gson-2.8.6.jar;C:\Users\prata\.m2\repository\org\apache\commons\commons-lang3\3.12.0\commons-lang3-3.12.0.jar;C:\Users\prata\.m2\repository\org\apache\httpcomponents\client5\httpclient5\5.0.3\httpclient5-5.0.3.jar;C:\Users\prata\.m2\repository\org\apache\httpcomponents\core5\httpcore5\5.0.2\httpcore5-5.0.2.jar;C:\Users\prata\.m2\repository\org\apache\httpcomponents\core5\httpcore5-h2\5.0.2\httpcore5-h2-5.0.2.jar;C:\Users\prata\.m2\repository\org\rauschig\jarchivelib\1.1.0\jarchivelib-1.1.0.jar;C:\Users\prata\.m2\repository\org\jsoup\jsoup\1.13.1\jsoup-1.13.1.jar;C:\Users\prata\.m2\repository\org\testng\testng\6.14.3\testng-6.14.3.jar;C:\Users\prata\.m2\repository\com\beust\jcommander\1.72\jcommander-1.72.jar;C:\Users\prata\.m2\repository\org\apache-extras\beanshell\bsh\2.0b6\bsh-2.0b6.jar;C:\Users\prata\.m2\repository\org\apache\poi\poi\4.1.0\poi-4.1.0.jar;C:\Users\prata\.m2\repository\commons-codec\commons-codec\1.12\commons-codec-1.12.jar;C:\Users\prata\.m2\repository\org\apache\commons\commons-collections4\4.3\commons-collections4-4.3.jar;C:\Users\prata\.m2\repository\org\apache\commons\commons-math3\3.6.1\commons-math3-3.6.1.jar;C:\Users\prata\.m2\repository\org\apache\poi\poi-ooxml\4.1.0\poi-ooxml-4.1.0.jar;C:\Users\prata\.m2\repository\com\github\virtuald\curvesapi\1.06\curvesapi-1.06.jar;C:\Users\prata\.m2\repository\org\apache\poi\poi-ooxml-schemas\4.1.0\poi-ooxml-schemas-4.1.0.jar;C:\Users\prata\.m2\repository\org\apache\xmlbeans\xmlbeans\3.1.0\xmlbeans-3.1.0.jar;C:\Users\prata\.m2\repository\org\apache\poi\poi-scratchpad\4.1.0\poi-scratchpad-4.1.0.jar;C:\Users\prata\.m2\repository\org\apache\poi\ooxml-schemas\1.1\ooxml-schemas-1.1.jar;C:\Users\prata\.m2\repository\org\apache\poi\openxml4j\1.0-beta\openxml4j-1.0-beta.jar;C:\Users\prata\.m2\repository\dom4j\dom4j\1.6.1\dom4j-1.6.1.jar;C:\Users\prata\.m2\repository\xml-apis\xml-apis\1.0.b2\xml-apis-1.0.b2.jar;C:\Users\prata\.m2\repository\org\apache\commons\commons-compress\1.18\commons-compress-1.18.jar;C:\Users\prata\.m2\repository\org\seleniumhq\selenium\selenium-chrome-driver\3.141.59\selenium-chrome-driver-3.141.59.jar;C:\Users\prata\.m2\repository\commons-io\commons-io\2.6\commons-io-2.6.jar;C:\Users\prata\.m2\repository\com\relevantcodes\extentreports\2.41.2\extentreports-2.41.2.jar;C:\Users\prata\.m2\repository\org\xerial\sqlite-jdbc\3.8.11.1\sqlite-jdbc-3.8.11.1.jar;C:\Users\prata\.m2\repository\org\freemarker\freemarker\2.3.23\freemarker-2.3.23.jar;C:\Users\prata\.m2\repository\org\mongodb\mongodb-driver\3.0.4\mongodb-driver-3.0.4.jar;C:\Users\prata\.m2\repository\org\mongodb\bson\3.0.4\bson-3.0.4.jar;C:\Users\prata\.m2\repository\org\mongodb\mongodb-driver-core\3.0.4\mongodb-driver-core-3.0.4.jar;C:\Users\prata\.m2\repository\log4j\log4j\1.2.17\log4j-1.2.17.jar;"/>
    <property name="java.vm.vendor" value="Oracle Corporation"/>
    <property name="sun.arch.data.model" value="64"/>
    <property name="user.variant" value=""/>
    <property name="java.vendor.url" value="https://openjdk.java.net/"/>
    <property name="user.timezone" value="Asia/Singapore"/>
    <property name="suiteXmlFile" value="**/testng.xml"/>
    <property name="java.vm.specification.version" value="11"/>
    <property name="os.name" value="Windows 10"/>
    <property name="sun.java.launcher" value="SUN_STANDARD"/>
    <property name="user.country" value="SG"/>
    <property name="sun.boot.library.path" value="C:\Program Files\Java\jdk-11.0.12\bin"/>
    <property name="sun.java.command" value="C:\Users\prata\AppData\Local\Temp\surefire8713223061108676344\surefirebooter10477198538697230257.jar C:\Users\prata\AppData\Local\Temp\surefire8713223061108676344 2021-10-13T18-55-44_399-jvmRun1 surefire12198056197208815912tmp surefire_0261687228571481974tmp"/>
    <property name="jdk.debug" value="release"/>
    <property name="surefire.test.class.path" value="D:\Gaurav\eclipse-workspace\SampleTestFrameworkGPS\target\test-classes;D:\Gaurav\eclipse-workspace\SampleTestFrameworkGPS\target\classes;C:\Users\prata\.m2\repository\org\seleniumhq\selenium\selenium-java\3.141.59\selenium-java-3.141.59.jar;C:\Users\prata\.m2\repository\org\seleniumhq\selenium\selenium-api\3.141.59\selenium-api-3.141.59.jar;C:\Users\prata\.m2\repository\org\seleniumhq\selenium\selenium-edge-driver\3.141.59\selenium-edge-driver-3.141.59.jar;C:\Users\prata\.m2\repository\org\seleniumhq\selenium\selenium-firefox-driver\3.141.59\selenium-firefox-driver-3.141.59.jar;C:\Users\prata\.m2\repository\org\seleniumhq\selenium\selenium-ie-driver\3.141.59\selenium-ie-driver-3.141.59.jar;C:\Users\prata\.m2\repository\org\seleniumhq\selenium\selenium-opera-driver\3.141.59\selenium-opera-driver-3.141.59.jar;C:\Users\prata\.m2\repository\org\seleniumhq\selenium\selenium-remote-driver\3.141.59\selenium-remote-driver-3.141.59.jar;C:\Users\prata\.m2\repository\org\seleniumhq\selenium\selenium-safari-driver\3.141.59\selenium-safari-driver-3.141.59.jar;C:\Users\prata\.m2\repository\org\seleniumhq\selenium\selenium-support\3.141.59\selenium-support-3.141.59.jar;C:\Users\prata\.m2\repository\net\bytebuddy\byte-buddy\1.8.15\byte-buddy-1.8.15.jar;C:\Users\prata\.m2\repository\org\apache\commons\commons-exec\1.3\commons-exec-1.3.jar;C:\Users\prata\.m2\repository\com\google\guava\guava\25.0-jre\guava-25.0-jre.jar;C:\Users\prata\.m2\repository\com\google\code\findbugs\jsr305\1.3.9\jsr305-1.3.9.jar;C:\Users\prata\.m2\repository\org\checkerframework\checker-compat-qual\2.0.0\checker-compat-qual-2.0.0.jar;C:\Users\prata\.m2\repository\com\google\errorprone\error_prone_annotations\2.1.3\error_prone_annotations-2.1.3.jar;C:\Users\prata\.m2\repository\com\google\j2objc\j2objc-annotations\1.1\j2objc-annotations-1.1.jar;C:\Users\prata\.m2\repository\org\codehaus\mojo\animal-sniffer-annotations\1.14\animal-sniffer-annotations-1.14.jar;C:\Users\prata\.m2\repository\com\squareup\okhttp3\okhttp\3.11.0\okhttp-3.11.0.jar;C:\Users\prata\.m2\repository\com\squareup\okio\okio\1.14.0\okio-1.14.0.jar;C:\Users\prata\.m2\repository\io\github\bonigarcia\webdrivermanager\4.4.0\webdrivermanager-4.4.0.jar;C:\Users\prata\.m2\repository\org\slf4j\slf4j-api\1.7.30\slf4j-api-1.7.30.jar;C:\Users\prata\.m2\repository\com\google\code\gson\gson\2.8.6\gson-2.8.6.jar;C:\Users\prata\.m2\repository\org\apache\commons\commons-lang3\3.12.0\commons-lang3-3.12.0.jar;C:\Users\prata\.m2\repository\org\apache\httpcomponents\client5\httpclient5\5.0.3\httpclient5-5.0.3.jar;C:\Users\prata\.m2\repository\org\apache\httpcomponents\core5\httpcore5\5.0.2\httpcore5-5.0.2.jar;C:\Users\prata\.m2\repository\org\apache\httpcomponents\core5\httpcore5-h2\5.0.2\httpcore5-h2-5.0.2.jar;C:\Users\prata\.m2\repository\org\rauschig\jarchivelib\1.1.0\jarchivelib-1.1.0.jar;C:\Users\prata\.m2\repository\org\jsoup\jsoup\1.13.1\jsoup-1.13.1.jar;C:\Users\prata\.m2\repository\org\testng\testng\6.14.3\testng-6.14.3.jar;C:\Users\prata\.m2\repository\com\beust\jcommander\1.72\jcommander-1.72.jar;C:\Users\prata\.m2\repository\org\apache-extras\beanshell\bsh\2.0b6\bsh-2.0b6.jar;C:\Users\prata\.m2\repository\org\apache\poi\poi\4.1.0\poi-4.1.0.jar;C:\Users\prata\.m2\repository\commons-codec\commons-codec\1.12\commons-codec-1.12.jar;C:\Users\prata\.m2\repository\org\apache\commons\commons-collections4\4.3\commons-collections4-4.3.jar;C:\Users\prata\.m2\repository\org\apache\commons\commons-math3\3.6.1\commons-math3-3.6.1.jar;C:\Users\prata\.m2\repository\org\apache\poi\poi-ooxml\4.1.0\poi-ooxml-4.1.0.jar;C:\Users\prata\.m2\repository\com\github\virtuald\curvesapi\1.06\curvesapi-1.06.jar;C:\Users\prata\.m2\repository\org\apache\poi\poi-ooxml-schemas\4.1.0\poi-ooxml-schemas-4.1.0.jar;C:\Users\prata\.m2\repository\org\apache\xmlbeans\xmlbeans\3.1.0\xmlbeans-3.1.0.jar;C:\Users\prata\.m2\repository\org\apache\poi\poi-scratchpad\4.1.0\poi-scratchpad-4.1.0.jar;C:\Users\prata\.m2\repository\org\apache\poi\ooxml-schemas\1.1\ooxml-schemas-1.1.jar;C:\Users\prata\.m2\repository\org\apache\poi\openxml4j\1.0-beta\openxml4j-1.0-beta.jar;C:\Users\prata\.m2\repository\dom4j\dom4j\1.6.1\dom4j-1.6.1.jar;C:\Users\prata\.m2\repository\xml-apis\xml-apis\1.0.b2\xml-apis-1.0.b2.jar;C:\Users\prata\.m2\repository\org\apache\commons\commons-compress\1.18\commons-compress-1.18.jar;C:\Users\prata\.m2\repository\org\seleniumhq\selenium\selenium-chrome-driver\3.141.59\selenium-chrome-driver-3.141.59.jar;C:\Users\prata\.m2\repository\commons-io\commons-io\2.6\commons-io-2.6.jar;C:\Users\prata\.m2\repository\com\relevantcodes\extentreports\2.41.2\extentreports-2.41.2.jar;C:\Users\prata\.m2\repository\org\xerial\sqlite-jdbc\3.8.11.1\sqlite-jdbc-3.8.11.1.jar;C:\Users\prata\.m2\repository\org\freemarker\freemarker\2.3.23\freemarker-2.3.23.jar;C:\Users\prata\.m2\repository\org\mongodb\mongodb-driver\3.0.4\mongodb-driver-3.0.4.jar;C:\Users\prata\.m2\repository\org\mongodb\bson\3.0.4\bson-3.0.4.jar;C:\Users\prata\.m2\repository\org\mongodb\mongodb-driver-core\3.0.4\mongodb-driver-core-3.0.4.jar;C:\Users\prata\.m2\repository\log4j\log4j\1.2.17\log4j-1.2.17.jar;"/>
    <property name="sun.cpu.endian" value="little"/>
    <property name="user.home" value="C:\Users\prata"/>
    <property name="user.language" value="en"/>
    <property name="java.specification.vendor" value="Oracle Corporation"/>
    <property name="java.version.date" value="2021-07-20"/>
    <property name="java.home" value="C:\Program Files\Java\jdk-11.0.12"/>
    <property name="file.separator" value="\"/>
    <property name="basedir" value="D:\Gaurav\eclipse-workspace\SampleTestFrameworkGPS"/>
    <property name="java.vm.compressedOopsMode" value="Zero based"/>
    <property name="line.separator" value="&#10;"/>
    <property name="java.specification.name" value="Java Platform API Specification"/>
    <property name="java.vm.specification.vendor" value="Oracle Corporation"/>
    <property name="java.awt.graphicsenv" value="sun.awt.Win32GraphicsEnvironment"/>
    <property name="surefire.real.class.path" value="C:\Users\prata\AppData\Local\Temp\surefire8713223061108676344\surefirebooter10477198538697230257.jar"/>
    <property name="user.script" value=""/>
    <property name="sun.management.compiler" value="HotSpot 64-Bit Tiered Compilers"/>
    <property name="java.runtime.version" value="11.0.12+8-LTS-237"/>
    <property name="user.name" value="prata"/>
    <property name="path.separator" value=";"/>
    <property name="os.version" value="10.0"/>
    <property name="java.runtime.name" value="Java(TM) SE Runtime Environment"/>
    <property name="file.encoding" value="Cp1252"/>
    <property name="java.vm.name" value="Java HotSpot(TM) 64-Bit Server VM"/>
    <property name="java.vendor.version" value="18.9"/>
    <property name="localRepository" value="C:\Users\prata\.m2\repository"/>
    <property name="java.vendor.url.bug" value="https://bugreport.java.com/bugreport/"/>
    <property name="java.io.tmpdir" value="C:\Users\prata\AppData\Local\Temp\"/>
    <property name="java.version" value="11.0.12"/>
    <property name="user.dir" value="D:\Gaurav\eclipse-workspace\SampleTestFrameworkGPS"/>
    <property name="os.arch" value="amd64"/>
    <property name="java.vm.specification.name" value="Java Virtual Machine Specification"/>
    <property name="java.awt.printerjob" value="sun.awt.windows.WPrinterJob"/>
    <property name="sun.os.patch.level" value=""/>
    <property name="java.library.path" value="C:\Program Files\Java\jdk-11.0.12\bin;C:\Windows\Sun\Java\bin;C:\Windows\system32;C:\Windows;C:\Users\prata\.jenkins\tools\hudson.tasks.Maven_MavenInstallation\TestMaven/bin;C:\Program Files\Common Files\Oracle\Java\javapath;C:\Windows\system32;C:\Windows;C:\Windows\System32\Wbem;C:\Windows\System32\WindowsPowerShell\v1.0\;C:\Windows\System32\OpenSSH\;C:\Program Files\Java\jdk-11.0.12\bin;C:\Users\prata\AppData\Local\Microsoft\WindowsApps;;."/>
    <property name="java.vendor" value="Oracle Corporation"/>
    <property name="java.vm.info" value="mixed mode"/>
    <property name="java.vm.version" value="11.0.12+8-LTS-237"/>
    <property name="sun.io.unicode.encoding" value="UnicodeLittle"/>
    <property name="java.class.version" value="55.0"/>
  </properties>
  <testcase name="titleTest" classname="com.crm.qa.testcases.LoginPageTest" time="0.008">
    <system-out><![CDATA[Before navigating to: 'https://classic.crmpro.com/'
Navigated to:'https://classic.crmpro.com/'
]]></system-out>
    <system-err><![CDATA[SLF4J: Failed to load class "org.slf4j.impl.StaticLoggerBinder".
SLF4J: Defaulting to no-operation (NOP) logger implementation
SLF4J: See http://www.slf4j.org/codes.html#StaticLoggerBinder for further details.
Starting ChromeDriver 94.0.4606.61 (418b78f5838ed0b1c69bb4e51ea0252171854915-refs/branch-heads/4606@{#1204}) on port 7090
Only local connections are allowed.
Please see https://chromedriver.chromium.org/security-considerations for suggestions on keeping ChromeDriver safe.
ChromeDriver was started successfully.
Oct 13, 2021 6:55:48 PM org.openqa.selenium.remote.ProtocolHandshake createSession
INFO: Detected dialect: W3C
]]></system-err>
  </testcase>
  <testcase name="crmLogoTest" classname="com.crm.qa.testcases.LoginPageTest" time="0.072">
    <system-out><![CDATA[Before navigating to: 'https://classic.crmpro.com/'
Navigated to:'https://classic.crmpro.com/'
Trying to find Element By : By.xpath: (//img[@class='img-responsive'])[1]
Found Element By : By.xpath: (//img[@class='img-responsive'])[1]
]]></system-out>
    <system-err><![CDATA[Starting ChromeDriver 94.0.4606.61 (418b78f5838ed0b1c69bb4e51ea0252171854915-refs/branch-heads/4606@{#1204}) on port 46600
Only local connections are allowed.
Please see https://chromedriver.chromium.org/security-considerations for suggestions on keeping ChromeDriver safe.
ChromeDriver was started successfully.
Oct 13, 2021 6:56:21 PM org.openqa.selenium.remote.ProtocolHandshake createSession
INFO: Detected dialect: W3C
]]></system-err>
  </testcase>
  <testcase name="loginTest" classname="com.crm.qa.testcases.LoginPageTest" time="6.378">
    <system-out><![CDATA[Before navigating to: 'https://classic.crmpro.com/'
Navigated to:'https://classic.crmpro.com/'
Trying to find Element By : By.name: username
Found Element By : By.name: username
Trying to find Element By : By.name: password
Found Element By : By.name: password
Trying to find Element By : By.xpath: //input[@type='submit']
Found Element By : By.xpath: //input[@type='submit']
Trying to click on: [[ChromeDriver: chrome on WINDOWS (c4078cafe8e702261d3f98fcc47a23be)] -> xpath: //input[@type='submit']]
Clicked on: [[ChromeDriver: chrome on WINDOWS (c4078cafe8e702261d3f98fcc47a23be)] -> xpath: //input[@type='submit']]
]]></system-out>
    <system-err><![CDATA[Starting ChromeDriver 94.0.4606.61 (418b78f5838ed0b1c69bb4e51ea0252171854915-refs/branch-heads/4606@{#1204}) on port 14996
Only local connections are allowed.
Please see https://chromedriver.chromium.org/security-considerations for suggestions on keeping ChromeDriver safe.
ChromeDriver was started successfully.
Oct 13, 2021 6:56:58 PM org.openqa.selenium.remote.ProtocolHandshake createSession
INFO: Detected dialect: W3C
]]></system-err>
  </testcase>
  <testcase name="verifyHomePageTitleTest" classname="com.crm.qa.testcases.HomePageTest" time="0">
    <system-out><![CDATA[Before navigating to: 'https://classic.crmpro.com/'
Navigated to:'https://classic.crmpro.com/'
Trying to find Element By : By.name: username
Found Element By : By.name: username
Trying to find Element By : By.name: password
Found Element By : By.name: password
Trying to find Element By : By.xpath: //input[@type='submit']
Found Element By : By.xpath: //input[@type='submit']
Trying to click on: [[ChromeDriver: chrome on WINDOWS (5e83213ae569a753dde4ed995c82b235)] -> xpath: //input[@type='submit']]
Clicked on: [[ChromeDriver: chrome on WINDOWS (5e83213ae569a753dde4ed995c82b235)] -> xpath: //input[@type='submit']]
]]></system-out>
    <system-err><![CDATA[Starting ChromeDriver 94.0.4606.61 (418b78f5838ed0b1c69bb4e51ea0252171854915-refs/branch-heads/4606@{#1204}) on port 37506
Only local connections are allowed.
Please see https://chromedriver.chromium.org/security-considerations for suggestions on keeping ChromeDriver safe.
ChromeDriver was started successfully.
Oct 13, 2021 6:55:55 PM org.openqa.selenium.remote.ProtocolHandshake createSession
INFO: Detected dialect: W3C
]]></system-err>
  </testcase>
  <testcase name="verifyUserNameExistTest" classname="com.crm.qa.testcases.HomePageTest" time="0.09">
    <system-out><![CDATA[Before navigating to: 'https://classic.crmpro.com/'
Navigated to:'https://classic.crmpro.com/'
Trying to find Element By : By.name: username
Found Element By : By.name: username
Trying to find Element By : By.name: password
Found Element By : By.name: password
Trying to find Element By : By.xpath: //input[@type='submit']
Found Element By : By.xpath: //input[@type='submit']
Trying to click on: [[ChromeDriver: chrome on WINDOWS (d91de735655ce358c95c2fb682425076)] -> xpath: //input[@type='submit']]
Clicked on: [[ChromeDriver: chrome on WINDOWS (d91de735655ce358c95c2fb682425076)] -> xpath: //input[@type='submit']]
Trying to find Element By : By.xpath: //td[contains(text(),'User: Gaurav Singh')]
Found Element By : By.xpath: //td[contains(text(),'User: Gaurav Singh')]
]]></system-out>
    <system-err><![CDATA[Starting ChromeDriver 94.0.4606.61 (418b78f5838ed0b1c69bb4e51ea0252171854915-refs/branch-heads/4606@{#1204}) on port 34346
Only local connections are allowed.
Please see https://chromedriver.chromium.org/security-considerations for suggestions on keeping ChromeDriver safe.
ChromeDriver was started successfully.
Oct 13, 2021 6:56:28 PM org.openqa.selenium.remote.ProtocolHandshake createSession
INFO: Detected dialect: W3C
]]></system-err>
  </testcase>
  <testcase name="verifyContactsLinkTest" classname="com.crm.qa.testcases.HomePageTest" time="1.244">
    <system-out><![CDATA[Before navigating to: 'https://classic.crmpro.com/'
Navigated to:'https://classic.crmpro.com/'
Trying to find Element By : By.name: username
Found Element By : By.name: username
Trying to find Element By : By.name: password
Found Element By : By.name: password
Trying to find Element By : By.xpath: //input[@type='submit']
Found Element By : By.xpath: //input[@type='submit']
Trying to click on: [[ChromeDriver: chrome on WINDOWS (bdefe973721a33458b9e8c4b6e432cab)] -> xpath: //input[@type='submit']]
Clicked on: [[ChromeDriver: chrome on WINDOWS (bdefe973721a33458b9e8c4b6e432cab)] -> xpath: //input[@type='submit']]
Trying to find Element By : By.xpath: //a[contains(text(),'Contacts')]
Found Element By : By.xpath: //a[contains(text(),'Contacts')]
Trying to click on: [[ChromeDriver: chrome on WINDOWS (bdefe973721a33458b9e8c4b6e432cab)] -> xpath: //a[contains(text(),'Contacts')]]
Clicked on: [[ChromeDriver: chrome on WINDOWS (bdefe973721a33458b9e8c4b6e432cab)] -> xpath: //a[contains(text(),'Contacts')]]
]]></system-out>
    <system-err><![CDATA[Starting ChromeDriver 94.0.4606.61 (418b78f5838ed0b1c69bb4e51ea0252171854915-refs/branch-heads/4606@{#1204}) on port 31262
Only local connections are allowed.
Please see https://chromedriver.chromium.org/security-considerations for suggestions on keeping ChromeDriver safe.
ChromeDriver was started successfully.
Oct 13, 2021 6:57:11 PM org.openqa.selenium.remote.ProtocolHandshake createSession
INFO: Detected dialect: W3C
]]></system-err>
  </testcase>
  <testcase name="verifyContactsPageLabelTest" classname="com.crm.qa.testcases.ContactsPageTest" time="1.171">
    <system-out><![CDATA[Before navigating to: 'https://classic.crmpro.com/'
Navigated to:'https://classic.crmpro.com/'
Trying to find Element By : By.name: username
Found Element By : By.name: username
Trying to find Element By : By.name: password
Found Element By : By.name: password
Trying to find Element By : By.xpath: //input[@type='submit']
Found Element By : By.xpath: //input[@type='submit']
Trying to click on: [[ChromeDriver: chrome on WINDOWS (877f8ecbb5b04452917fa390e09b3357)] -> xpath: //input[@type='submit']]
Clicked on: [[ChromeDriver: chrome on WINDOWS (877f8ecbb5b04452917fa390e09b3357)] -> xpath: //input[@type='submit']]
Trying to find Element By : By.xpath: //a[contains(text(),'Contacts')]
Found Element By : By.xpath: //a[contains(text(),'Contacts')]
Trying to click on: [[ChromeDriver: chrome on WINDOWS (877f8ecbb5b04452917fa390e09b3357)] -> xpath: //a[contains(text(),'Contacts')]]
Clicked on: [[ChromeDriver: chrome on WINDOWS (877f8ecbb5b04452917fa390e09b3357)] -> xpath: //a[contains(text(),'Contacts')]]
Trying to find Element By : By.xpath: //td[contains(text(),'Contacts')]
Found Element By : By.xpath: //td[contains(text(),'Contacts')]
]]></system-out>
    <system-err><![CDATA[Starting ChromeDriver 94.0.4606.61 (418b78f5838ed0b1c69bb4e51ea0252171854915-refs/branch-heads/4606@{#1204}) on port 41073
Only local connections are allowed.
Please see https://chromedriver.chromium.org/security-considerations for suggestions on keeping ChromeDriver safe.
ChromeDriver was started successfully.
Oct 13, 2021 6:56:07 PM org.openqa.selenium.remote.ProtocolHandshake createSession
INFO: Detected dialect: W3C
]]></system-err>
  </testcase>
  <testcase name="selectContactsTest" classname="com.crm.qa.testcases.ContactsPageTest" time="4.204">
    <system-out><![CDATA[Before navigating to: 'https://classic.crmpro.com/'
Navigated to:'https://classic.crmpro.com/'
Trying to find Element By : By.name: username
Found Element By : By.name: username
Trying to find Element By : By.name: password
Found Element By : By.name: password
Trying to find Element By : By.xpath: //input[@type='submit']
Found Element By : By.xpath: //input[@type='submit']
Trying to click on: [[ChromeDriver: chrome on WINDOWS (5940b57c9d13474cceda45e822058367)] -> xpath: //input[@type='submit']]
Clicked on: [[ChromeDriver: chrome on WINDOWS (5940b57c9d13474cceda45e822058367)] -> xpath: //input[@type='submit']]
Trying to find Element By : By.xpath: //a[contains(text(),'Contacts')]
Found Element By : By.xpath: //a[contains(text(),'Contacts')]
Trying to click on: [[ChromeDriver: chrome on WINDOWS (5940b57c9d13474cceda45e822058367)] -> xpath: //a[contains(text(),'Contacts')]]
Clicked on: [[ChromeDriver: chrome on WINDOWS (5940b57c9d13474cceda45e822058367)] -> xpath: //a[contains(text(),'Contacts')]]
Trying to find Element By : By.xpath: //a[text()='Test2 Test2']//parent::td[@class='datalistrow']//preceding-sibling::td//input
Found Element By : By.xpath: //a[text()='Test2 Test2']//parent::td[@class='datalistrow']//preceding-sibling::td//input
Trying to click on: [[ChromeDriver: chrome on WINDOWS (5940b57c9d13474cceda45e822058367)] -> xpath: //a[text()='Test2 Test2']//parent::td[@class='datalistrow']//preceding-sibling::td//input]
Clicked on: [[ChromeDriver: chrome on WINDOWS (5940b57c9d13474cceda45e822058367)] -> xpath: //a[text()='Test2 Test2']//parent::td[@class='datalistrow']//preceding-sibling::td//input]
]]></system-out>
    <system-err><![CDATA[Starting ChromeDriver 94.0.4606.61 (418b78f5838ed0b1c69bb4e51ea0252171854915-refs/branch-heads/4606@{#1204}) on port 20059
Only local connections are allowed.
Please see https://chromedriver.chromium.org/security-considerations for suggestions on keeping ChromeDriver safe.
ChromeDriver was started successfully.
Oct 13, 2021 6:56:40 PM org.openqa.selenium.remote.ProtocolHandshake createSession
INFO: Detected dialect: W3C
]]></system-err>
  </testcase>
  <testcase name="selectMultipleContactsTest" classname="com.crm.qa.testcases.ContactsPageTest" time="3.272">
    <system-out><![CDATA[Before navigating to: 'https://classic.crmpro.com/'
Navigated to:'https://classic.crmpro.com/'
Trying to find Element By : By.name: username
Found Element By : By.name: username
Trying to find Element By : By.name: password
Found Element By : By.name: password
Trying to find Element By : By.xpath: //input[@type='submit']
Found Element By : By.xpath: //input[@type='submit']
Trying to click on: [[ChromeDriver: chrome on WINDOWS (06bb226cca8fbef7caa33e250ae6f4bf)] -> xpath: //input[@type='submit']]
Clicked on: [[ChromeDriver: chrome on WINDOWS (06bb226cca8fbef7caa33e250ae6f4bf)] -> xpath: //input[@type='submit']]
Trying to find Element By : By.xpath: //a[contains(text(),'Contacts')]
Found Element By : By.xpath: //a[contains(text(),'Contacts')]
Trying to click on: [[ChromeDriver: chrome on WINDOWS (06bb226cca8fbef7caa33e250ae6f4bf)] -> xpath: //a[contains(text(),'Contacts')]]
Clicked on: [[ChromeDriver: chrome on WINDOWS (06bb226cca8fbef7caa33e250ae6f4bf)] -> xpath: //a[contains(text(),'Contacts')]]
Trying to find Element By : By.xpath: //a[text()='Ui Ui']//parent::td[@class='datalistrow']//preceding-sibling::td//input
Found Element By : By.xpath: //a[text()='Ui Ui']//parent::td[@class='datalistrow']//preceding-sibling::td//input
Trying to click on: [[ChromeDriver: chrome on WINDOWS (06bb226cca8fbef7caa33e250ae6f4bf)] -> xpath: //a[text()='Ui Ui']//parent::td[@class='datalistrow']//preceding-sibling::td//input]
Clicked on: [[ChromeDriver: chrome on WINDOWS (06bb226cca8fbef7caa33e250ae6f4bf)] -> xpath: //a[text()='Ui Ui']//parent::td[@class='datalistrow']//preceding-sibling::td//input]
Trying to find Element By : By.xpath: //a[text()='Test2 Test2']//parent::td[@class='datalistrow']//preceding-sibling::td//input
Found Element By : By.xpath: //a[text()='Test2 Test2']//parent::td[@class='datalistrow']//preceding-sibling::td//input
Trying to click on: [[ChromeDriver: chrome on WINDOWS (06bb226cca8fbef7caa33e250ae6f4bf)] -> xpath: //a[text()='Test2 Test2']//parent::td[@class='datalistrow']//preceding-sibling::td//input]
Clicked on: [[ChromeDriver: chrome on WINDOWS (06bb226cca8fbef7caa33e250ae6f4bf)] -> xpath: //a[text()='Test2 Test2']//parent::td[@class='datalistrow']//preceding-sibling::td//input]
]]></system-out>
    <system-err><![CDATA[Starting ChromeDriver 94.0.4606.61 (418b78f5838ed0b1c69bb4e51ea0252171854915-refs/branch-heads/4606@{#1204}) on port 39930
Only local connections are allowed.
Please see https://chromedriver.chromium.org/security-considerations for suggestions on keeping ChromeDriver safe.
ChromeDriver was started successfully.
Oct 13, 2021 6:57:25 PM org.openqa.selenium.remote.ProtocolHandshake createSession
INFO: Detected dialect: W3C
]]></system-err>
  </testcase>
  <testcase name="validateCreateNewContactTest[Mr., Marry, John, Google](1)" classname="com.crm.qa.testcases.ContactsPageTest" time="3.56">
    <system-out><![CDATA[Sheet path D:\Gaurav\eclipse-workspace\SampleTestFrameworkGPS\src\main\java\com\crm\qa\testData\FreeCRMTestData.xlsx
Before navigating to: 'https://classic.crmpro.com/'
Navigated to:'https://classic.crmpro.com/'
Trying to find Element By : By.name: username
Found Element By : By.name: username
Trying to find Element By : By.name: password
Found Element By : By.name: password
Trying to find Element By : By.xpath: //input[@type='submit']
Found Element By : By.xpath: //input[@type='submit']
Trying to click on: [[ChromeDriver: chrome on WINDOWS (efb3256b850167a3bb6c0f1c90861ab7)] -> xpath: //input[@type='submit']]
Clicked on: [[ChromeDriver: chrome on WINDOWS (efb3256b850167a3bb6c0f1c90861ab7)] -> xpath: //input[@type='submit']]
Trying to find Element By : By.xpath: //a[contains(text(),'Contacts')]
Found Element By : By.xpath: //a[contains(text(),'Contacts')]
Trying to find Element By : By.xpath: //a[@title='New Contact']
Found Element By : By.xpath: //a[@title='New Contact']
Trying to click on: [[ChromeDriver: chrome on WINDOWS (efb3256b850167a3bb6c0f1c90861ab7)] -> xpath: //a[@title='New Contact']]
Clicked on: [[ChromeDriver: chrome on WINDOWS (efb3256b850167a3bb6c0f1c90861ab7)] -> xpath: //a[@title='New Contact']]
Trying to find Element By : By.name: title
Found Element By : By.name: title
Trying to find Element By : By.name: title
Found Element By : By.name: title
Trying to find Element By : By.name: title
Found Element By : By.name: title
Trying to find Element By : By.xpath: .//option[normalize-space(.) = "Mr."]
Found Element By : By.xpath: .//option[normalize-space(.) = "Mr."]
Trying to click on: [[[[ChromeDriver: chrome on WINDOWS (efb3256b850167a3bb6c0f1c90861ab7)] -> name: title]] -> xpath: .//option[normalize-space(.) = "Mr."]]
Clicked on: [[[[ChromeDriver: chrome on WINDOWS (efb3256b850167a3bb6c0f1c90861ab7)] -> name: title]] -> xpath: .//option[normalize-space(.) = "Mr."]]
Trying to find Element By : By.id: first_name
Found Element By : By.id: first_name
Trying to find Element By : By.id: surname
Found Element By : By.id: surname
Trying to find Element By : By.name: client_lookup
Found Element By : By.name: client_lookup
Trying to find Element By : By.xpath: //input[@value='Load From Company']//following-sibling::input[@value='Save']
Found Element By : By.xpath: //input[@value='Load From Company']//following-sibling::input[@value='Save']
Trying to click on: [[ChromeDriver: chrome on WINDOWS (efb3256b850167a3bb6c0f1c90861ab7)] -> xpath: //input[@value='Load From Company']//following-sibling::input[@value='Save']]
Clicked on: [[ChromeDriver: chrome on WINDOWS (efb3256b850167a3bb6c0f1c90861ab7)] -> xpath: //input[@value='Load From Company']//following-sibling::input[@value='Save']]
]]></system-out>
    <system-err><![CDATA[Starting ChromeDriver 94.0.4606.61 (418b78f5838ed0b1c69bb4e51ea0252171854915-refs/branch-heads/4606@{#1204}) on port 33059
Only local connections are allowed.
Please see https://chromedriver.chromium.org/security-considerations for suggestions on keeping ChromeDriver safe.
ChromeDriver was started successfully.
Oct 13, 2021 6:57:41 PM org.openqa.selenium.remote.ProtocolHandshake createSession
INFO: Detected dialect: W3C
]]></system-err>
  </testcase>
  <testcase name="validateCreateNewContactTest[Dr., Peter, Parker, Marvel](2)" classname="com.crm.qa.testcases.ContactsPageTest" time="3.634">
    <system-out><![CDATA[Before navigating to: 'https://classic.crmpro.com/'
Navigated to:'https://classic.crmpro.com/'
Trying to find Element By : By.name: username
Found Element By : By.name: username
Trying to find Element By : By.name: password
Found Element By : By.name: password
Trying to find Element By : By.xpath: //input[@type='submit']
Found Element By : By.xpath: //input[@type='submit']
Trying to click on: [[ChromeDriver: chrome on WINDOWS (24f3503a7cd81de2283e38a4271f66f0)] -> xpath: //input[@type='submit']]
Clicked on: [[ChromeDriver: chrome on WINDOWS (24f3503a7cd81de2283e38a4271f66f0)] -> xpath: //input[@type='submit']]
Trying to find Element By : By.xpath: //a[contains(text(),'Contacts')]
Found Element By : By.xpath: //a[contains(text(),'Contacts')]
Trying to find Element By : By.xpath: //a[@title='New Contact']
Found Element By : By.xpath: //a[@title='New Contact']
Trying to click on: [[ChromeDriver: chrome on WINDOWS (24f3503a7cd81de2283e38a4271f66f0)] -> xpath: //a[@title='New Contact']]
Clicked on: [[ChromeDriver: chrome on WINDOWS (24f3503a7cd81de2283e38a4271f66f0)] -> xpath: //a[@title='New Contact']]
Trying to find Element By : By.name: title
Found Element By : By.name: title
Trying to find Element By : By.name: title
Found Element By : By.name: title
Trying to find Element By : By.name: title
Found Element By : By.name: title
Trying to find Element By : By.xpath: .//option[normalize-space(.) = "Dr."]
Found Element By : By.xpath: .//option[normalize-space(.) = "Dr."]
Trying to click on: [[[[ChromeDriver: chrome on WINDOWS (24f3503a7cd81de2283e38a4271f66f0)] -> name: title]] -> xpath: .//option[normalize-space(.) = "Dr."]]
Clicked on: [[[[ChromeDriver: chrome on WINDOWS (24f3503a7cd81de2283e38a4271f66f0)] -> name: title]] -> xpath: .//option[normalize-space(.) = "Dr."]]
Trying to find Element By : By.id: first_name
Found Element By : By.id: first_name
Trying to find Element By : By.id: surname
Found Element By : By.id: surname
Trying to find Element By : By.name: client_lookup
Found Element By : By.name: client_lookup
Trying to find Element By : By.xpath: //input[@value='Load From Company']//following-sibling::input[@value='Save']
Found Element By : By.xpath: //input[@value='Load From Company']//following-sibling::input[@value='Save']
Trying to click on: [[ChromeDriver: chrome on WINDOWS (24f3503a7cd81de2283e38a4271f66f0)] -> xpath: //input[@value='Load From Company']//following-sibling::input[@value='Save']]
Clicked on: [[ChromeDriver: chrome on WINDOWS (24f3503a7cd81de2283e38a4271f66f0)] -> xpath: //input[@value='Load From Company']//following-sibling::input[@value='Save']]
]]></system-out>
    <system-err><![CDATA[Starting ChromeDriver 94.0.4606.61 (418b78f5838ed0b1c69bb4e51ea0252171854915-refs/branch-heads/4606@{#1204}) on port 2244
Only local connections are allowed.
Please see https://chromedriver.chromium.org/security-considerations for suggestions on keeping ChromeDriver safe.
ChromeDriver was started successfully.
Oct 13, 2021 6:57:58 PM org.openqa.selenium.remote.ProtocolHandshake createSession
INFO: Detected dialect: W3C
]]></system-err>
  </testcase>
  <testcase name="validateCreateNewContactTest[Mrs., Anna, Mark, Microsoft](3)" classname="com.crm.qa.testcases.ContactsPageTest" time="3.494">
    <system-out><![CDATA[Before navigating to: 'https://classic.crmpro.com/'
Navigated to:'https://classic.crmpro.com/'
Trying to find Element By : By.name: username
Found Element By : By.name: username
Trying to find Element By : By.name: password
Found Element By : By.name: password
Trying to find Element By : By.xpath: //input[@type='submit']
Found Element By : By.xpath: //input[@type='submit']
Trying to click on: [[ChromeDriver: chrome on WINDOWS (bc20ce6277ab19e19e0377229f753f55)] -> xpath: //input[@type='submit']]
Clicked on: [[ChromeDriver: chrome on WINDOWS (bc20ce6277ab19e19e0377229f753f55)] -> xpath: //input[@type='submit']]
Trying to find Element By : By.xpath: //a[contains(text(),'Contacts')]
Found Element By : By.xpath: //a[contains(text(),'Contacts')]
Trying to find Element By : By.xpath: //a[@title='New Contact']
Found Element By : By.xpath: //a[@title='New Contact']
Trying to click on: [[ChromeDriver: chrome on WINDOWS (bc20ce6277ab19e19e0377229f753f55)] -> xpath: //a[@title='New Contact']]
Clicked on: [[ChromeDriver: chrome on WINDOWS (bc20ce6277ab19e19e0377229f753f55)] -> xpath: //a[@title='New Contact']]
Trying to find Element By : By.name: title
Found Element By : By.name: title
Trying to find Element By : By.name: title
Found Element By : By.name: title
Trying to find Element By : By.name: title
Found Element By : By.name: title
Trying to find Element By : By.xpath: .//option[normalize-space(.) = "Mrs."]
Found Element By : By.xpath: .//option[normalize-space(.) = "Mrs."]
Trying to click on: [[[[ChromeDriver: chrome on WINDOWS (bc20ce6277ab19e19e0377229f753f55)] -> name: title]] -> xpath: .//option[normalize-space(.) = "Mrs."]]
Clicked on: [[[[ChromeDriver: chrome on WINDOWS (bc20ce6277ab19e19e0377229f753f55)] -> name: title]] -> xpath: .//option[normalize-space(.) = "Mrs."]]
Trying to find Element By : By.id: first_name
Found Element By : By.id: first_name
Trying to find Element By : By.id: surname
Found Element By : By.id: surname
Trying to find Element By : By.name: client_lookup
Found Element By : By.name: client_lookup
Trying to find Element By : By.xpath: //input[@value='Load From Company']//following-sibling::input[@value='Save']
Found Element By : By.xpath: //input[@value='Load From Company']//following-sibling::input[@value='Save']
Trying to click on: [[ChromeDriver: chrome on WINDOWS (bc20ce6277ab19e19e0377229f753f55)] -> xpath: //input[@value='Load From Company']//following-sibling::input[@value='Save']]
Clicked on: [[ChromeDriver: chrome on WINDOWS (bc20ce6277ab19e19e0377229f753f55)] -> xpath: //input[@value='Load From Company']//following-sibling::input[@value='Save']]
]]></system-out>
    <system-err><![CDATA[Starting ChromeDriver 94.0.4606.61 (418b78f5838ed0b1c69bb4e51ea0252171854915-refs/branch-heads/4606@{#1204}) on port 38183
Only local connections are allowed.
Please see https://chromedriver.chromium.org/security-considerations for suggestions on keeping ChromeDriver safe.
ChromeDriver was started successfully.
Oct 13, 2021 6:58:14 PM org.openqa.selenium.remote.ProtocolHandshake createSession
INFO: Detected dialect: W3C
]]></system-err>
  </testcase>
</testsuite>