<?xml version="1.0" encoding="UTF-8"?>
<!-- Generated by org.testng.reporters.JUnitReportReporter -->
<testsuite hostname="DESKTOP-AUUJL9B" failures="0" tests="3" name="com.crm.qa.testcases.LoginPageTest" time="25.259" errors="0" timestamp="17 Oct 2021 08:31:24 GMT" skipped="0">
  <testcase classname="com.crm.qa.testcases.LoginPageTest" name="titleTest" time="6.373"/>
  <testcase classname="com.crm.qa.testcases.LoginPageTest" name="crmLogoTest" time="6.250"/>
  <testcase classname="com.crm.qa.testcases.LoginPageTest" name="loginTest" time="12.636"/>
</testsuite> <!-- com.crm.qa.testcases.LoginPageTest -->
