<?xml version="1.0" encoding="UTF-8"?>
<!-- Generated by org.testng.reporters.JUnitReportReporter -->
<testsuite hostname="DESKTOP-AUUJL9B" failures="0" tests="3" name="com.crm.qa.testcases.HomePageTest" time="38.447" errors="0" timestamp="12 Oct 2021 14:31:36 GMT" skipped="0">
  <testcase classname="com.crm.qa.testcases.HomePageTest" name="verifyHomePageTitleTest" time="11.727"/>
  <testcase classname="com.crm.qa.testcases.HomePageTest" name="verifyUserNameExistTest" time="12.091"/>
  <testcase classname="com.crm.qa.testcases.HomePageTest" name="verifyContactsLinkTest" time="14.629"/>
</testsuite> <!-- com.crm.qa.testcases.HomePageTest -->
