<?xml version="1.0" encoding="UTF-8"?>
<!-- Generated by org.testng.reporters.JUnitReportReporter -->
<testsuite hostname="DESKTOP-AUUJL9B" failures="0" tests="3" name="com.crm.qa.testcases.LoginPageTest" time="24.016" errors="0" timestamp="12 Oct 2021 14:31:36 GMT" skipped="0">
  <testcase classname="com.crm.qa.testcases.LoginPageTest" name="titleTest" time="6.572"/>
  <testcase classname="com.crm.qa.testcases.LoginPageTest" name="crmLogoTest" time="6.127"/>
  <testcase classname="com.crm.qa.testcases.LoginPageTest" name="loginTest" time="11.317"/>
</testsuite> <!-- com.crm.qa.testcases.LoginPageTest -->
