<?xml version="1.0" encoding="UTF-8"?>
<!-- Generated by org.testng.reporters.JUnitReportReporter -->
<testsuite hostname="DESKTOP-AUUJL9B" failures="0" tests="3" name="com.crm.qa.testcases.LoginPageTest" time="25.517" errors="0" timestamp="17 Oct 2021 08:16:46 GMT" skipped="0">
  <testcase classname="com.crm.qa.testcases.LoginPageTest" name="titleTest" time="6.364"/>
  <testcase classname="com.crm.qa.testcases.LoginPageTest" name="crmLogoTest" time="6.561"/>
  <testcase classname="com.crm.qa.testcases.LoginPageTest" name="loginTest" time="12.592"/>
</testsuite> <!-- com.crm.qa.testcases.LoginPageTest -->
