<?xml version="1.0" encoding="UTF-8"?>
<!-- Generated by org.testng.reporters.JUnitReportReporter -->
<testsuite hostname="DESKTOP-AUUJL9B" failures="0" tests="3" name="com.crm.qa.testcases.LoginPageTest" time="27.591" errors="0" timestamp="13 Oct 2021 10:58:29 GMT" skipped="0">
  <testcase classname="com.crm.qa.testcases.LoginPageTest" name="titleTest" time="8.384"/>
  <testcase classname="com.crm.qa.testcases.LoginPageTest" name="crmLogoTest" time="6.233"/>
  <testcase classname="com.crm.qa.testcases.LoginPageTest" name="loginTest" time="12.974"/>
</testsuite> <!-- com.crm.qa.testcases.LoginPageTest -->
