<?xml version="1.0" encoding="UTF-8"?>
<!-- Generated by org.testng.reporters.JUnitReportReporter -->
<testsuite hostname="DESKTOP-AUUJL9B" failures="0" tests="3" name="com.crm.qa.testcases.HomePageTest" time="41.028" errors="0" timestamp="17 Oct 2021 08:16:46 GMT" skipped="0">
  <testcase classname="com.crm.qa.testcases.HomePageTest" name="verifyHomePageTitleTest" time="12.887"/>
  <testcase classname="com.crm.qa.testcases.HomePageTest" name="verifyUserNameExistTest" time="13.444"/>
  <testcase classname="com.crm.qa.testcases.HomePageTest" name="verifyContactsLinkTest" time="14.697"/>
</testsuite> <!-- com.crm.qa.testcases.HomePageTest -->
