<?xml version="1.0" encoding="UTF-8"?>
<!-- Generated by org.testng.reporters.JUnitReportReporter -->
<testsuite hostname="DESKTOP-AUUJL9B" failures="0" tests="3" name="com.crm.qa.testcases.LoginPageTest" time="24.333" errors="0" timestamp="17 Oct 2021 09:29:51 GMT" skipped="0">
  <testcase classname="com.crm.qa.testcases.LoginPageTest" name="titleTest" time="5.733"/>
  <testcase classname="com.crm.qa.testcases.LoginPageTest" name="crmLogoTest" time="5.819"/>
  <testcase classname="com.crm.qa.testcases.LoginPageTest" name="loginTest" time="12.781"/>
</testsuite> <!-- com.crm.qa.testcases.LoginPageTest -->
