<?xml version="1.0" encoding="UTF-8"?>
<!-- Generated by org.testng.reporters.JUnitReportReporter -->
<testsuite hostname="DESKTOP-AUUJL9B" failures="0" tests="3" name="com.crm.qa.testcases.HomePageTest" time="39.367" errors="0" timestamp="13 Oct 2021 10:58:29 GMT" skipped="0">
  <testcase classname="com.crm.qa.testcases.HomePageTest" name="verifyHomePageTitleTest" time="12.258"/>
  <testcase classname="com.crm.qa.testcases.HomePageTest" name="verifyUserNameExistTest" time="12.972"/>
  <testcase classname="com.crm.qa.testcases.HomePageTest" name="verifyContactsLinkTest" time="14.137"/>
</testsuite> <!-- com.crm.qa.testcases.HomePageTest -->
