<?xml version="1.0" encoding="UTF-8"?>
<!-- Generated by org.testng.reporters.JUnitReportReporter -->
<testsuite hostname="DESKTOP-AUUJL9B" failures="0" tests="3" name="com.crm.qa.testcases.HomePageTest" time="37.046" errors="0" timestamp="17 Oct 2021 09:29:51 GMT" skipped="0">
  <testcase classname="com.crm.qa.testcases.HomePageTest" name="verifyHomePageTitleTest" time="11.868"/>
  <testcase classname="com.crm.qa.testcases.HomePageTest" name="verifyUserNameExistTest" time="12.385"/>
  <testcase classname="com.crm.qa.testcases.HomePageTest" name="verifyContactsLinkTest" time="12.793"/>
</testsuite> <!-- com.crm.qa.testcases.HomePageTest -->
